<?xml version="1.0" encoding="UTF-8"?>
<!-- Generated by org.testng.reporters.JUnitReportReporter -->
<testsuite hostname="f45c89be073b.ant.amazon.com" failures="0" tests="1" name="com.automation.testcases.LoginTestCRM" time="5.336" errors="0" timestamp="2021-06-30T02:37:18 IST" skipped="0">
  <testcase classname="com.automation.testcases.LoginTestCRM" name="LoginApp" time="5.336"/>
  <system-out/>
</testsuite> <!-- com.automation.testcases.LoginTestCRM -->
